#
# There is insufficient memory for the Java Runtime Environment to continue.
# Native memory allocation (malloc) failed to allocate 2097152 bytes. Error detail: AllocateHeap
# Possible reasons:
#   The system is out of physical RAM or swap space
#   This process is running with CompressedOops enabled, and the Java Heap may be blocking the growth of the native heap
# Possible solutions:
#   Reduce memory load on the system
#   Increase physical memory or swap space
#   Check if swap backing store is full
#   Decrease Java heap size (-Xmx/-Xms)
#   Decrease number of Java threads
#   Decrease Java thread stack sizes (-Xss)
#   Set larger code cache with -XX:ReservedCodeCacheSize=
#   JVM is running with Unscaled Compressed Oops mode in which the Java heap is
#     placed in the first 4GB address space. The Java Heap base address is the
#     maximum limit for the native heap growth. Please use -XX:HeapBaseMinAddress
#     to set the Java Heap base and to place the Java Heap above 4GB virtual address.
# This output file may be truncated or incomplete.
#
#  Out of Memory Error (allocation.cpp:44), pid=11068, tid=22852
#
# JRE version: OpenJDK Runtime Environment Temurin-17.0.11+9 (17.0.11+9) (build 17.0.11+9)
# Java VM: OpenJDK 64-Bit Server VM Temurin-17.0.11+9 (17.0.11+9, mixed mode, emulated-client, tiered, compressed oops, compressed class ptrs, g1 gc, windows-amd64)
# No core dump will be written. Minidumps are not enabled by default on client versions of Windows
#

---------------  S U M M A R Y ------------

Command Line: -Xmx1024m -Dsts.lsp.client=vscode -Dsts.log.file=/dev/null -XX:TieredStopAtLevel=1 -Xlog:jni+resolve=off -Dspring.config.location=file:c:\Users\lenovo\.vscode\extensions\vmware.vscode-spring-boot-1.56.0\language-server\BOOT-INF\classes\application.properties org.springframework.ide.vscode.boot.app.BootLanguageServerBootApp

Host: Intel(R) Core(TM) i3-10110U CPU @ 2.10GHz, 4 cores, 7G,  Windows 10 , 64 bit Build 19041 (10.0.19041.4717)
Time: Tue Aug 27 10:20:13 2024 SE Asia Standard Time elapsed time: 1124.444312 seconds (0d 0h 18m 44s)

---------------  T H R E A D  ---------------

Current thread (0x0000018daefe2480):  VMThread "VM Thread" [stack: 0x0000004a66100000,0x0000004a66200000] [id=22852]

Stack: [0x0000004a66100000,0x0000004a66200000]
Native frames: (J=compiled Java code, j=interpreted, Vv=VM code, C=native code)
V  [jvm.dll+0x67d429]
V  [jvm.dll+0x834b7a]
V  [jvm.dll+0x83663e]
V  [jvm.dll+0x836ca3]
V  [jvm.dll+0x247dbf]
V  [jvm.dll+0xa6cb3]
V  [jvm.dll+0x2f8b61]
V  [jvm.dll+0x2f4750]
V  [jvm.dll+0x2dcf67]
V  [jvm.dll+0x31fb67]
V  [jvm.dll+0x83b19b]
V  [jvm.dll+0x83bed2]
V  [jvm.dll+0x83c3ed]
V  [jvm.dll+0x83c7c4]
V  [jvm.dll+0x83c890]
V  [jvm.dll+0x7e410a]
V  [jvm.dll+0x67c315]
C  [ucrtbase.dll+0x21bb2]
C  [KERNEL32.DLL+0x17374]
C  [ntdll.dll+0x4cc91]

VM_Operation (0x0000004a673ff1b0): G1CollectFull, mode: safepoint, requested by thread 0x0000018db483a030


---------------  P R O C E S S  ---------------

Threads class SMR info:
_java_thread_list=0x0000018db48cd6a0, length=23, elements={
0x0000018daf003730, 0x0000018daf0052d0, 0x0000018daf02eae0, 0x0000018daf02f670,
0x0000018daf030f50, 0x0000018daf031820, 0x0000018daf0321a0, 0x0000018daf160450,
0x0000018daf341110, 0x0000018daf34a210, 0x0000018db4326ee0, 0x0000018db483a030,
0x0000018db483a510, 0x0000018da4a8cb60, 0x0000018db4d01350, 0x0000018db4901f20,
0x0000018db4c60020, 0x0000018db4cf8440, 0x0000018db4d42740, 0x0000018db4d42c50,
0x0000018db4d43160, 0x0000018db4d403d0, 0x0000018db4d3f9b0
}

Java Threads: ( => current thread )
  0x0000018daf003730 JavaThread "Reference Handler" daemon [_thread_blocked, id=24904, stack(0x0000004a66200000,0x0000004a66300000)]
  0x0000018daf0052d0 JavaThread "Finalizer" daemon [_thread_blocked, id=23140, stack(0x0000004a66300000,0x0000004a66400000)]
  0x0000018daf02eae0 JavaThread "Signal Dispatcher" daemon [_thread_blocked, id=16608, stack(0x0000004a66400000,0x0000004a66500000)]
  0x0000018daf02f670 JavaThread "Attach Listener" daemon [_thread_blocked, id=11612, stack(0x0000004a66500000,0x0000004a66600000)]
  0x0000018daf030f50 JavaThread "Service Thread" daemon [_thread_blocked, id=25868, stack(0x0000004a66600000,0x0000004a66700000)]
  0x0000018daf031820 JavaThread "Monitor Deflation Thread" daemon [_thread_blocked, id=27980, stack(0x0000004a66700000,0x0000004a66800000)]
  0x0000018daf0321a0 JavaThread "C1 CompilerThread0" daemon [_thread_blocked, id=14228, stack(0x0000004a66800000,0x0000004a66900000)]
  0x0000018daf160450 JavaThread "Sweeper thread" daemon [_thread_blocked, id=23420, stack(0x0000004a66900000,0x0000004a66a00000)]
  0x0000018daf341110 JavaThread "Notification Thread" daemon [_thread_blocked, id=23192, stack(0x0000004a66a00000,0x0000004a66b00000)]
  0x0000018daf34a210 JavaThread "Common-Cleaner" daemon [_thread_blocked, id=18376, stack(0x0000004a66c00000,0x0000004a66d00000)]
  0x0000018db4326ee0 JavaThread "boundedElastic-evictor-1" daemon [_thread_blocked, id=17652, stack(0x0000004a67100000,0x0000004a67200000)]
  0x0000018db483a030 JavaThread "pool-13-thread-1" [_thread_blocked, id=16116, stack(0x0000004a67300000,0x0000004a67400000)]
  0x0000018db483a510 JavaThread "LanguageServerApp-lifecycle" [_thread_blocked, id=9116, stack(0x0000004a67400000,0x0000004a67500000)]
  0x0000018da4a8cb60 JavaThread "DestroyJavaVM" [_thread_blocked, id=21324, stack(0x0000004a65b00000,0x0000004a65c00000)]
  0x0000018db4d01350 JavaThread "pool-14-thread-1" [_thread_in_native, id=21640, stack(0x0000004a67500000,0x0000004a67600000)]
  0x0000018db4901f20 JavaThread "Simple-Language-Server main thread" daemon [_thread_blocked, id=16692, stack(0x0000004a67600000,0x0000004a67700000)]
  0x0000018db4c60020 JavaThread "pool-8-thread-1" [_thread_blocked, id=28488, stack(0x0000004a67700000,0x0000004a67800000)]
  0x0000018db4cf8440 JavaThread "parallel-1" daemon [_thread_blocked, id=26340, stack(0x0000004a67800000,0x0000004a67900000)]
  0x0000018db4d42740 JavaThread "parallel-2" daemon [_thread_blocked, id=3784, stack(0x0000004a67900000,0x0000004a67a00000)]
  0x0000018db4d42c50 JavaThread "parallel-3" daemon [_thread_blocked, id=25436, stack(0x0000004a67a00000,0x0000004a67b00000)]
  0x0000018db4d43160 JavaThread "parallel-4" daemon [_thread_blocked, id=19176, stack(0x0000004a67b00000,0x0000004a67c00000)]
  0x0000018db4d403d0 JavaThread "pool-6-thread-1" [_thread_blocked, id=2236, stack(0x0000004a67d00000,0x0000004a67e00000)]
  0x0000018db4d3f9b0 JavaThread "Reconciler-1" daemon [_thread_blocked, id=20652, stack(0x0000004a68100000,0x0000004a68200000)]

Other Threads:
=>0x0000018daefe2480 VMThread "VM Thread" [stack: 0x0000004a66100000,0x0000004a66200000] [id=22852]
  0x0000018daf3415f0 WatcherThread [stack: 0x0000004a66b00000,0x0000004a66c00000] [id=9220]
  0x0000018da4acc130 GCTaskThread "GC Thread#0" [stack: 0x0000004a65c00000,0x0000004a65d00000] [id=8808]
  0x0000018daf549c00 GCTaskThread "GC Thread#1" [stack: 0x0000004a66d00000,0x0000004a66e00000] [id=532]
  0x0000018daf9aa080 GCTaskThread "GC Thread#2" [stack: 0x0000004a66e00000,0x0000004a66f00000] [id=5144]
  0x0000018dafd4ec80 GCTaskThread "GC Thread#3" [stack: 0x0000004a67000000,0x0000004a67100000] [id=12772]
  0x0000018da4ad4f80 ConcurrentGCThread "G1 Main Marker" [stack: 0x0000004a65d00000,0x0000004a65e00000] [id=5160]
  0x0000018da4ad58a0 ConcurrentGCThread "G1 Conc#0" [stack: 0x0000004a65e00000,0x0000004a65f00000] [id=20080]
  0x0000018daee60090 ConcurrentGCThread "G1 Refine#0" [stack: 0x0000004a65f00000,0x0000004a66000000] [id=19640]
  0x0000018daee609c0 ConcurrentGCThread "G1 Service" [stack: 0x0000004a66000000,0x0000004a66100000] [id=8492]

Threads with active compile tasks:

VM state: at safepoint (normal execution)

VM Mutex/Monitor currently owned by a thread:  ([mutex/lock_event])
[0x0000018da29b5eb0] Threads_lock - owner thread: 0x0000018daefe2480
[0x0000018da29918a0] Heap_lock - owner thread: 0x0000018db483a030

Heap address: 0x00000000c0000000, size: 1024 MB, Compressed Oops mode: 32-bit

CDS archive(s) not mapped
Compressed class space mapped at: 0x0000000100000000-0x0000000140000000, reserved size: 1073741824
Narrow klass base: 0x0000000000000000, Narrow klass shift: 3, Narrow klass range: 0x140000000

GC Precious Log:
 CPUs: 4 total, 4 available
 Memory: 8060M
 Large Page Support: Disabled
 NUMA Support: Disabled
 Compressed Oops: Enabled (32-bit)
 Heap Region Size: 1M
 Heap Min Capacity: 8M
 Heap Initial Capacity: 126M
 Heap Max Capacity: 1G
 Pre-touch: Disabled
 Parallel Workers: 4
 Concurrent Workers: 1
 Concurrent Refinement Workers: 4
 Periodic GC: Disabled

Heap:
 garbage-first heap   total 78848K, used 25238K [0x00000000c0000000, 0x0000000100000000)
  region size 1024K, 1 young (1024K), 0 survivors (0K)
 Metaspace       used 40931K, committed 41536K, reserved 1114112K
  class space    used 5229K, committed 5504K, reserved 1048576K

Heap Regions: E=young(eden), S=young(survivor), O=old, HS=humongous(starts), HC=humongous(continues), CS=collection set, F=free, OA=open archive, CA=closed archive, TAMS=top-at-mark-start (previous, next)
|   0|0x00000000c0000000, 0x00000000c0100000, 0x00000000c0100000|100%|HS|  |TAMS 0x00000000c0100000, 0x00000000c0000000| Untracked 
|   1|0x00000000c0100000, 0x00000000c0200000, 0x00000000c0200000|100%|HC|  |TAMS 0x00000000c0200000, 0x00000000c0100000| Untracked 
|   2|0x00000000c0200000, 0x00000000c0300000, 0x00000000c0300000|100%|HC|  |TAMS 0x00000000c0300000, 0x00000000c0200000| Untracked 
|   3|0x00000000c0300000, 0x00000000c0400000, 0x00000000c0400000|100%|HC|  |TAMS 0x00000000c0400000, 0x00000000c0300000| Untracked 
|   4|0x00000000c0400000, 0x00000000c0500000, 0x00000000c0500000|100%| O|  |TAMS 0x00000000c0500000, 0x00000000c0400000| Untracked 
|   5|0x00000000c0500000, 0x00000000c0600000, 0x00000000c0600000|100%| O|  |TAMS 0x00000000c0600000, 0x00000000c0500000| Untracked 
|   6|0x00000000c0600000, 0x00000000c06f7218, 0x00000000c0700000| 96%| O|  |TAMS 0x00000000c06f7218, 0x00000000c0600000| Untracked 
|   7|0x00000000c0700000, 0x00000000c0800000, 0x00000000c0800000|100%| O|  |TAMS 0x00000000c0800000, 0x00000000c0700000| Untracked 
|   8|0x00000000c0800000, 0x00000000c0900000, 0x00000000c0900000|100%| O|  |TAMS 0x00000000c0900000, 0x00000000c0800000| Untracked 
|   9|0x00000000c0900000, 0x00000000c0a00000, 0x00000000c0a00000|100%| O|  |TAMS 0x00000000c0a00000, 0x00000000c0900000| Untracked 
|  10|0x00000000c0a00000, 0x00000000c0b00000, 0x00000000c0b00000|100%|HS|  |TAMS 0x00000000c0b00000, 0x00000000c0a00000| Untracked 
|  11|0x00000000c0b00000, 0x00000000c0c00000, 0x00000000c0c00000|100%|HC|  |TAMS 0x00000000c0c00000, 0x00000000c0b00000| Untracked 
|  12|0x00000000c0c00000, 0x00000000c0cfffe0, 0x00000000c0d00000| 99%| O|  |TAMS 0x00000000c0cfffe0, 0x00000000c0c00000| Untracked 
|  13|0x00000000c0d00000, 0x00000000c0dffff8, 0x00000000c0e00000| 99%| O|  |TAMS 0x00000000c0dffff8, 0x00000000c0d00000| Untracked 
|  14|0x00000000c0e00000, 0x00000000c0f00000, 0x00000000c0f00000|100%| O|  |TAMS 0x00000000c0f00000, 0x00000000c0e00000| Untracked 
|  15|0x00000000c0f00000, 0x00000000c0fffff8, 0x00000000c1000000| 99%| O|  |TAMS 0x00000000c0fffff8, 0x00000000c0f00000| Untracked 
|  16|0x00000000c1000000, 0x00000000c10ffff0, 0x00000000c1100000| 99%| O|  |TAMS 0x00000000c10ffff0, 0x00000000c1000000| Untracked 
|  17|0x00000000c1100000, 0x00000000c11fffd8, 0x00000000c1200000| 99%| O|  |TAMS 0x00000000c11fffd8, 0x00000000c1100000| Untracked 
|  18|0x00000000c1200000, 0x00000000c12ffff0, 0x00000000c1300000| 99%| O|  |TAMS 0x00000000c12ffff0, 0x00000000c1200000| Untracked 
|  19|0x00000000c1300000, 0x00000000c1400000, 0x00000000c1400000|100%| O|  |TAMS 0x00000000c1400000, 0x00000000c1300000| Untracked 
|  20|0x00000000c1400000, 0x00000000c14ffff8, 0x00000000c1500000| 99%| O|  |TAMS 0x00000000c14ffff8, 0x00000000c1400000| Untracked 
|  21|0x00000000c1500000, 0x00000000c15ffff0, 0x00000000c1600000| 99%| O|  |TAMS 0x00000000c15ffff0, 0x00000000c1500000| Untracked 
|  22|0x00000000c1600000, 0x00000000c16ffff8, 0x00000000c1700000| 99%| O|  |TAMS 0x00000000c16ffff8, 0x00000000c1600000| Untracked 
|  23|0x00000000c1700000, 0x00000000c17ffff0, 0x00000000c1800000| 99%| O|  |TAMS 0x00000000c17ffff0, 0x00000000c1700000| Untracked 
|  24|0x00000000c1800000, 0x00000000c18ac680, 0x00000000c1900000| 67%| O|  |TAMS 0x00000000c1800000, 0x00000000c1800000| Untracked 
|  25|0x00000000c1900000, 0x00000000c1902360, 0x00000000c1a00000|  0%| O|  |TAMS 0x00000000c1900000, 0x00000000c1900000| Untracked 
|  26|0x00000000c1a00000, 0x00000000c1a00000, 0x00000000c1b00000|  0%| F|  |TAMS 0x00000000c1a00000, 0x00000000c1a00000| Untracked 
|  27|0x00000000c1b00000, 0x00000000c1b00000, 0x00000000c1c00000|  0%| F|  |TAMS 0x00000000c1b00000, 0x00000000c1b00000| Untracked 
|  28|0x00000000c1c00000, 0x00000000c1c00000, 0x00000000c1d00000|  0%| F|  |TAMS 0x00000000c1c00000, 0x00000000c1c00000| Untracked 
|  29|0x00000000c1d00000, 0x00000000c1d00000, 0x00000000c1e00000|  0%| F|  |TAMS 0x00000000c1d00000, 0x00000000c1d00000| Untracked 
|  30|0x00000000c1e00000, 0x00000000c1e00000, 0x00000000c1f00000|  0%| F|  |TAMS 0x00000000c1e00000, 0x00000000c1e00000| Untracked 
|  31|0x00000000c1f00000, 0x00000000c1f00000, 0x00000000c2000000|  0%| F|  |TAMS 0x00000000c1f00000, 0x00000000c1f00000| Untracked 
|  32|0x00000000c2000000, 0x00000000c2000000, 0x00000000c2100000|  0%| F|  |TAMS 0x00000000c2000000, 0x00000000c2000000| Untracked 
|  33|0x00000000c2100000, 0x00000000c2100000, 0x00000000c2200000|  0%| F|  |TAMS 0x00000000c2100000, 0x00000000c2100000| Untracked 
|  34|0x00000000c2200000, 0x00000000c2200000, 0x00000000c2300000|  0%| F|  |TAMS 0x00000000c2200000, 0x00000000c2200000| Untracked 
|  35|0x00000000c2300000, 0x00000000c2300000, 0x00000000c2400000|  0%| F|  |TAMS 0x00000000c2300000, 0x00000000c2300000| Untracked 
|  36|0x00000000c2400000, 0x00000000c2400000, 0x00000000c2500000|  0%| F|  |TAMS 0x00000000c2400000, 0x00000000c2400000| Untracked 
|  37|0x00000000c2500000, 0x00000000c2500000, 0x00000000c2600000|  0%| F|  |TAMS 0x00000000c2500000, 0x00000000c2500000| Untracked 
|  38|0x00000000c2600000, 0x00000000c2600000, 0x00000000c2700000|  0%| F|  |TAMS 0x00000000c2600000, 0x00000000c2600000| Untracked 
|  39|0x00000000c2700000, 0x00000000c2700000, 0x00000000c2800000|  0%| F|  |TAMS 0x00000000c2700000, 0x00000000c2700000| Untracked 
|  40|0x00000000c2800000, 0x00000000c2800000, 0x00000000c2900000|  0%| F|  |TAMS 0x00000000c2800000, 0x00000000c2800000| Untracked 
|  41|0x00000000c2900000, 0x00000000c2900000, 0x00000000c2a00000|  0%| F|  |TAMS 0x00000000c2900000, 0x00000000c2900000| Untracked 
|  42|0x00000000c2a00000, 0x00000000c2a00000, 0x00000000c2b00000|  0%| F|  |TAMS 0x00000000c2a00000, 0x00000000c2a00000| Untracked 
|  43|0x00000000c2b00000, 0x00000000c2b00000, 0x00000000c2c00000|  0%| F|  |TAMS 0x00000000c2b00000, 0x00000000c2b00000| Untracked 
|  44|0x00000000c2c00000, 0x00000000c2c00000, 0x00000000c2d00000|  0%| F|  |TAMS 0x00000000c2c00000, 0x00000000c2c00000| Untracked 
|  45|0x00000000c2d00000, 0x00000000c2d00000, 0x00000000c2e00000|  0%| F|  |TAMS 0x00000000c2d00000, 0x00000000c2d00000| Untracked 
|  46|0x00000000c2e00000, 0x00000000c2e00000, 0x00000000c2f00000|  0%| F|  |TAMS 0x00000000c2e00000, 0x00000000c2e00000| Untracked 
|  47|0x00000000c2f00000, 0x00000000c2f00000, 0x00000000c3000000|  0%| F|  |TAMS 0x00000000c2f00000, 0x00000000c2f00000| Untracked 
|  48|0x00000000c3000000, 0x00000000c3000000, 0x00000000c3100000|  0%| F|  |TAMS 0x00000000c3000000, 0x00000000c3000000| Untracked 
|  49|0x00000000c3100000, 0x00000000c3100000, 0x00000000c3200000|  0%| F|  |TAMS 0x00000000c3100000, 0x00000000c3100000| Untracked 
|  50|0x00000000c3200000, 0x00000000c3200000, 0x00000000c3300000|  0%| F|  |TAMS 0x00000000c3200000, 0x00000000c3200000| Untracked 
|  51|0x00000000c3300000, 0x00000000c3300000, 0x00000000c3400000|  0%| F|  |TAMS 0x00000000c3300000, 0x00000000c3300000| Untracked 
|  52|0x00000000c3400000, 0x00000000c3400000, 0x00000000c3500000|  0%| F|  |TAMS 0x00000000c3400000, 0x00000000c3400000| Untracked 
|  53|0x00000000c3500000, 0x00000000c3500000, 0x00000000c3600000|  0%| F|  |TAMS 0x00000000c3500000, 0x00000000c3500000| Untracked 
|  54|0x00000000c3600000, 0x00000000c3600000, 0x00000000c3700000|  0%| F|  |TAMS 0x00000000c3600000, 0x00000000c3600000| Untracked 
|  55|0x00000000c3700000, 0x00000000c3700000, 0x00000000c3800000|  0%| F|  |TAMS 0x00000000c3700000, 0x00000000c3700000| Untracked 
|  56|0x00000000c3800000, 0x00000000c3800000, 0x00000000c3900000|  0%| F|  |TAMS 0x00000000c3800000, 0x00000000c3800000| Untracked 
|  57|0x00000000c3900000, 0x00000000c3900000, 0x00000000c3a00000|  0%| F|  |TAMS 0x00000000c3900000, 0x00000000c3900000| Untracked 
|  58|0x00000000c3a00000, 0x00000000c3a00000, 0x00000000c3b00000|  0%| F|  |TAMS 0x00000000c3a00000, 0x00000000c3a00000| Untracked 
|  59|0x00000000c3b00000, 0x00000000c3b00000, 0x00000000c3c00000|  0%| F|  |TAMS 0x00000000c3b00000, 0x00000000c3b00000| Untracked 
|  60|0x00000000c3c00000, 0x00000000c3c00000, 0x00000000c3d00000|  0%| F|  |TAMS 0x00000000c3c00000, 0x00000000c3c00000| Untracked 
|  61|0x00000000c3d00000, 0x00000000c3d00000, 0x00000000c3e00000|  0%| F|  |TAMS 0x00000000c3d00000, 0x00000000c3d00000| Untracked 
|  62|0x00000000c3e00000, 0x00000000c3e00000, 0x00000000c3f00000|  0%| F|  |TAMS 0x00000000c3e00000, 0x00000000c3e00000| Untracked 
|  63|0x00000000c3f00000, 0x00000000c3f00000, 0x00000000c4000000|  0%| F|  |TAMS 0x00000000c3f00000, 0x00000000c3f00000| Untracked 
|  64|0x00000000c4000000, 0x00000000c4000000, 0x00000000c4100000|  0%| F|  |TAMS 0x00000000c4000000, 0x00000000c4000000| Untracked 
|  65|0x00000000c4100000, 0x00000000c4100000, 0x00000000c4200000|  0%| F|  |TAMS 0x00000000c4100000, 0x00000000c4100000| Untracked 
|  66|0x00000000c4200000, 0x00000000c4200000, 0x00000000c4300000|  0%| F|  |TAMS 0x00000000c4200000, 0x00000000c4200000| Untracked 
|  67|0x00000000c4300000, 0x00000000c4300000, 0x00000000c4400000|  0%| F|  |TAMS 0x00000000c4300000, 0x00000000c4300000| Untracked 
|  68|0x00000000c4400000, 0x00000000c4400000, 0x00000000c4500000|  0%| F|  |TAMS 0x00000000c4400000, 0x00000000c4400000| Untracked 
|  69|0x00000000c4500000, 0x00000000c4500000, 0x00000000c4600000|  0%| F|  |TAMS 0x00000000c4500000, 0x00000000c4500000| Untracked 
|  78|0x00000000c4e00000, 0x00000000c4e00000, 0x00000000c4f00000|  0%| F|  |TAMS 0x00000000c4e00000, 0x00000000c4e00000| Untracked 
|  79|0x00000000c4f00000, 0x00000000c4f00000, 0x00000000c5000000|  0%| F|  |TAMS 0x00000000c4f00000, 0x00000000c4f00000| Untracked 
|  80|0x00000000c5000000, 0x00000000c5000000, 0x00000000c5100000|  0%| F|  |TAMS 0x00000000c5000000, 0x00000000c5000000| Untracked 
|  81|0x00000000c5100000, 0x00000000c5100000, 0x00000000c5200000|  0%| F|  |TAMS 0x00000000c5100000, 0x00000000c5100000| Untracked 
|  82|0x00000000c5200000, 0x00000000c5200000, 0x00000000c5300000|  0%| F|  |TAMS 0x00000000c5200000, 0x00000000c5200000| Untracked 
| 124|0x00000000c7c00000, 0x00000000c7c00000, 0x00000000c7d00000|  0%| F|  |TAMS 0x00000000c7c00000, 0x00000000c7c00000| Untracked 
| 125|0x00000000c7d00000, 0x00000000c7d25218, 0x00000000c7e00000| 14%| E|  |TAMS 0x00000000c7d00000, 0x00000000c7d00000| Complete 

Card table byte_map: [0x0000018daa720000,0x0000018daa920000] _byte_map_base: 0x0000018daa120000

Marking Bits (Prev, Next): (CMBitMap*) 0x0000018da4acc650, (CMBitMap*) 0x0000018da4acc690
 Prev Bits: [0x0000018daab20000, 0x0000018dabb20000)
 Next Bits: [0x0000018dabb20000, 0x0000018dacb20000)

Polling page: 0x0000018da2930000

Metaspace:

Usage:
  Non-class:     34.87 MB used.
      Class:      5.11 MB used.
       Both:     39.97 MB used.

Virtual space:
  Non-class space:       64.00 MB reserved,      35.19 MB ( 55%) committed,  1 nodes.
      Class space:        1.00 GB reserved,       5.38 MB ( <1%) committed,  1 nodes.
             Both:        1.06 GB reserved,      40.56 MB (  4%) committed. 

Chunk freelists:
   Non-Class:  12.17 MB
       Class:  10.70 MB
        Both:  22.86 MB

MaxMetaspaceSize: unlimited
CompressedClassSpaceSize: 1.00 GB
Initial GC threshold: 21.00 MB
Current GC threshold: 67.62 MB
CDS: off
MetaspaceReclaimPolicy: balanced
 - commit_granule_bytes: 65536.
 - commit_granule_words: 8192.
 - virtual_space_node_default_size: 8388608.
 - enlarge_chunks_in_place: 1.
 - new_chunks_are_fully_committed: 0.
 - uncommit_free_chunks: 1.
 - use_allocation_guard: 0.
 - handle_deallocations: 1.


Internal statistics:

num_allocs_failed_limit: 8.
num_arena_births: 502.
num_arena_deaths: 152.
num_vsnodes_births: 2.
num_vsnodes_deaths: 0.
num_space_committed: 648.
num_space_uncommitted: 0.
num_chunks_returned_to_freelist: 177.
num_chunks_taken_from_freelist: 1724.
num_chunk_merges: 57.
num_chunk_splits: 1199.
num_chunks_enlarged: 916.
num_inconsistent_stats: 0.

CodeCache: size=49152Kb used=6888Kb max_used=7943Kb free=42264Kb
 bounds [0x0000018da7720000, 0x0000018da7ef0000, 0x0000018daa720000]
 total_blobs=4263 nmethods=3716 adapters=474
 compilation: enabled
              stopped_count=0, restarted_count=0
 full_count=0

Compilation events (20 events):
Event: 928.563 Thread 0x0000018daf0321a0 3706       1       org.springframework.ide.vscode.commons.languageserver.util.ParentProcessWatcher::isWindows (30 bytes)
Event: 928.599 Thread 0x0000018daf0321a0 nmethod 3706 0x0000018da79a4e90 code [0x0000018da79a50c0, 0x0000018da79a5448]
Event: 928.771 Thread 0x0000018daf0321a0 3707   !   1       com.google.common.io.Closeables::close (37 bytes)
Event: 928.800 Thread 0x0000018daf0321a0 nmethod 3707 0x0000018da79a4710 code [0x0000018da79a4900, 0x0000018da79a4c38]
Event: 959.379 Thread 0x0000018daf0321a0 3708       1       java.lang.Integer::toString (55 bytes)
Event: 959.380 Thread 0x0000018daf0321a0 nmethod 3708 0x0000018da79a4290 code [0x0000018da79a4440, 0x0000018da79a4658]
Event: 1062.658 Thread 0x0000018daf0321a0 3709       1       java.lang.Integer::toString (8 bytes)
Event: 1062.659 Thread 0x0000018daf0321a0 nmethod 3709 0x0000018da79a3f90 code [0x0000018da79a4120, 0x0000018da79a4208]
Event: 1075.511 Thread 0x0000018daf0321a0 3710       1       java.util.concurrent.ThreadPoolExecutor$Worker::unlock (7 bytes)
Event: 1075.513 Thread 0x0000018daf0321a0 nmethod 3710 0x0000018da79a3c10 code [0x0000018da79a3da0, 0x0000018da79a3ec8]
Event: 1075.513 Thread 0x0000018daf0321a0 3711       1       java.util.concurrent.ThreadPoolExecutor$Worker::tryRelease (12 bytes)
Event: 1075.513 Thread 0x0000018daf0321a0 nmethod 3711 0x0000018da79a3910 code [0x0000018da79a3aa0, 0x0000018da79a3b98]
Event: 1103.878 Thread 0x0000018daf0321a0 3712   !   1       java.lang.ProcessBuilder::start (430 bytes)
Event: 1103.912 Thread 0x0000018daf0321a0 nmethod 3712 0x0000018da79a1b90 code [0x0000018da79a1f20, 0x0000018da79a2f28]
Event: 1105.495 Thread 0x0000018daf0321a0 3713   !   1       java.util.concurrent.ThreadPoolExecutor::getTask (177 bytes)
Event: 1105.498 Thread 0x0000018daf0321a0 nmethod 3713 0x0000018da79a1290 code [0x0000018da79a1480, 0x0000018da79a1938]
Event: 1124.344 Thread 0x0000018daf0321a0 3715       1       java.util.StringTokenizer::countTokens (46 bytes)
Event: 1124.345 Thread 0x0000018daf0321a0 nmethod 3715 0x0000018da79a0a90 code [0x0000018da79a0c40, 0x0000018da79a0d98]
Event: 1124.438 Thread 0x0000018daf0321a0 3716       1       java.time.format.DateTimeFormatter::getDecimalStyle (5 bytes)
Event: 1124.438 Thread 0x0000018daf0321a0 nmethod 3716 0x0000018da79a0790 code [0x0000018da79a0920, 0x0000018da79a09f8]

GC Heap History (20 events):
Event: 1021.527 GC heap before
{Heap before GC invocations=104 (full 94):
 garbage-first heap   total 78848K, used 25238K [0x00000000c0000000, 0x0000000100000000)
  region size 1024K, 1 young (1024K), 0 survivors (0K)
 Metaspace       used 40931K, committed 41536K, reserved 1114112K
  class space    used 5229K, committed 5504K, reserved 1048576K
}
Event: 1021.553 GC heap after
{Heap after GC invocations=105 (full 95):
 garbage-first heap   total 78848K, used 25238K [0x00000000c0000000, 0x0000000100000000)
  region size 1024K, 0 young (0K), 0 survivors (0K)
 Metaspace       used 40931K, committed 41536K, reserved 1114112K
  class space    used 5229K, committed 5504K, reserved 1048576K
}
Event: 1031.793 GC heap before
{Heap before GC invocations=105 (full 95):
 garbage-first heap   total 78848K, used 25238K [0x00000000c0000000, 0x0000000100000000)
  region size 1024K, 1 young (1024K), 0 survivors (0K)
 Metaspace       used 40931K, committed 41536K, reserved 1114112K
  class space    used 5229K, committed 5504K, reserved 1048576K
}
Event: 1031.820 GC heap after
{Heap after GC invocations=106 (full 96):
 garbage-first heap   total 78848K, used 25238K [0x00000000c0000000, 0x0000000100000000)
  region size 1024K, 0 young (0K), 0 survivors (0K)
 Metaspace       used 40931K, committed 41536K, reserved 1114112K
  class space    used 5229K, committed 5504K, reserved 1048576K
}
Event: 1042.301 GC heap before
{Heap before GC invocations=106 (full 96):
 garbage-first heap   total 78848K, used 25238K [0x00000000c0000000, 0x0000000100000000)
  region size 1024K, 1 young (1024K), 0 survivors (0K)
 Metaspace       used 40931K, committed 41536K, reserved 1114112K
  class space    used 5229K, committed 5504K, reserved 1048576K
}
Event: 1042.327 GC heap after
{Heap after GC invocations=107 (full 97):
 garbage-first heap   total 78848K, used 25238K [0x00000000c0000000, 0x0000000100000000)
  region size 1024K, 0 young (0K), 0 survivors (0K)
 Metaspace       used 40931K, committed 41536K, reserved 1114112K
  class space    used 5229K, committed 5504K, reserved 1048576K
}
Event: 1052.612 GC heap before
{Heap before GC invocations=107 (full 97):
 garbage-first heap   total 78848K, used 25238K [0x00000000c0000000, 0x0000000100000000)
  region size 1024K, 1 young (1024K), 0 survivors (0K)
 Metaspace       used 40931K, committed 41536K, reserved 1114112K
  class space    used 5229K, committed 5504K, reserved 1048576K
}
Event: 1052.641 GC heap after
{Heap after GC invocations=108 (full 98):
 garbage-first heap   total 78848K, used 25238K [0x00000000c0000000, 0x0000000100000000)
  region size 1024K, 0 young (0K), 0 survivors (0K)
 Metaspace       used 40931K, committed 41536K, reserved 1114112K
  class space    used 5229K, committed 5504K, reserved 1048576K
}
Event: 1063.180 GC heap before
{Heap before GC invocations=108 (full 98):
 garbage-first heap   total 78848K, used 25238K [0x00000000c0000000, 0x0000000100000000)
  region size 1024K, 1 young (1024K), 0 survivors (0K)
 Metaspace       used 40931K, committed 41536K, reserved 1114112K
  class space    used 5229K, committed 5504K, reserved 1048576K
}
Event: 1063.205 GC heap after
{Heap after GC invocations=109 (full 99):
 garbage-first heap   total 78848K, used 25238K [0x00000000c0000000, 0x0000000100000000)
  region size 1024K, 0 young (0K), 0 survivors (0K)
 Metaspace       used 40931K, committed 41536K, reserved 1114112K
  class space    used 5229K, committed 5504K, reserved 1048576K
}
Event: 1073.396 GC heap before
{Heap before GC invocations=109 (full 99):
 garbage-first heap   total 78848K, used 25238K [0x00000000c0000000, 0x0000000100000000)
  region size 1024K, 1 young (1024K), 0 survivors (0K)
 Metaspace       used 40931K, committed 41536K, reserved 1114112K
  class space    used 5229K, committed 5504K, reserved 1048576K
}
Event: 1073.417 GC heap after
{Heap after GC invocations=110 (full 100):
 garbage-first heap   total 78848K, used 25238K [0x00000000c0000000, 0x0000000100000000)
  region size 1024K, 0 young (0K), 0 survivors (0K)
 Metaspace       used 40931K, committed 41536K, reserved 1114112K
  class space    used 5229K, committed 5504K, reserved 1048576K
}
Event: 1083.573 GC heap before
{Heap before GC invocations=110 (full 100):
 garbage-first heap   total 78848K, used 25238K [0x00000000c0000000, 0x0000000100000000)
  region size 1024K, 1 young (1024K), 0 survivors (0K)
 Metaspace       used 40931K, committed 41536K, reserved 1114112K
  class space    used 5229K, committed 5504K, reserved 1048576K
}
Event: 1083.597 GC heap after
{Heap after GC invocations=111 (full 101):
 garbage-first heap   total 78848K, used 25238K [0x00000000c0000000, 0x0000000100000000)
  region size 1024K, 0 young (0K), 0 survivors (0K)
 Metaspace       used 40931K, committed 41536K, reserved 1114112K
  class space    used 5229K, committed 5504K, reserved 1048576K
}
Event: 1093.838 GC heap before
{Heap before GC invocations=111 (full 101):
 garbage-first heap   total 78848K, used 25238K [0x00000000c0000000, 0x0000000100000000)
  region size 1024K, 1 young (1024K), 0 survivors (0K)
 Metaspace       used 40931K, committed 41536K, reserved 1114112K
  class space    used 5229K, committed 5504K, reserved 1048576K
}
Event: 1093.863 GC heap after
{Heap after GC invocations=112 (full 102):
 garbage-first heap   total 78848K, used 25238K [0x00000000c0000000, 0x0000000100000000)
  region size 1024K, 0 young (0K), 0 survivors (0K)
 Metaspace       used 40931K, committed 41536K, reserved 1114112K
  class space    used 5229K, committed 5504K, reserved 1048576K
}
Event: 1104.040 GC heap before
{Heap before GC invocations=112 (full 102):
 garbage-first heap   total 78848K, used 25238K [0x00000000c0000000, 0x0000000100000000)
  region size 1024K, 1 young (1024K), 0 survivors (0K)
 Metaspace       used 40931K, committed 41536K, reserved 1114112K
  class space    used 5229K, committed 5504K, reserved 1048576K
}
Event: 1104.063 GC heap after
{Heap after GC invocations=113 (full 103):
 garbage-first heap   total 78848K, used 25238K [0x00000000c0000000, 0x0000000100000000)
  region size 1024K, 0 young (0K), 0 survivors (0K)
 Metaspace       used 40931K, committed 41536K, reserved 1114112K
  class space    used 5229K, committed 5504K, reserved 1048576K
}
Event: 1114.306 GC heap before
{Heap before GC invocations=113 (full 103):
 garbage-first heap   total 78848K, used 25238K [0x00000000c0000000, 0x0000000100000000)
  region size 1024K, 1 young (1024K), 0 survivors (0K)
 Metaspace       used 40931K, committed 41536K, reserved 1114112K
  class space    used 5229K, committed 5504K, reserved 1048576K
}
Event: 1114.330 GC heap after
{Heap after GC invocations=114 (full 104):
 garbage-first heap   total 78848K, used 25238K [0x00000000c0000000, 0x0000000100000000)
  region size 1024K, 0 young (0K), 0 survivors (0K)
 Metaspace       used 40931K, committed 41536K, reserved 1114112K
  class space    used 5229K, committed 5504K, reserved 1048576K
}

Dll operation events (8 events):
Event: 0.025 Loaded shared library c:\Users\lenovo\.vscode\extensions\redhat.java-1.33.0-win32-x64\jre\17.0.11-win32-x86_64\bin\java.dll
Event: 1.794 Loaded shared library C:\Users\lenovo\.vscode\extensions\redhat.java-1.33.0-win32-x64\jre\17.0.11-win32-x86_64\bin\net.dll
Event: 1.799 Loaded shared library C:\Users\lenovo\.vscode\extensions\redhat.java-1.33.0-win32-x64\jre\17.0.11-win32-x86_64\bin\nio.dll
Event: 1.816 Loaded shared library C:\Users\lenovo\.vscode\extensions\redhat.java-1.33.0-win32-x64\jre\17.0.11-win32-x86_64\bin\zip.dll
Event: 3.647 Loaded shared library C:\Users\lenovo\.vscode\extensions\redhat.java-1.33.0-win32-x64\jre\17.0.11-win32-x86_64\bin\jimage.dll
Event: 8.862 Loaded shared library c:\Users\lenovo\.vscode\extensions\redhat.java-1.33.0-win32-x64\jre\17.0.11-win32-x86_64\bin\verify.dll
Event: 15.747 Loaded shared library C:\Users\lenovo\.vscode\extensions\redhat.java-1.33.0-win32-x64\jre\17.0.11-win32-x86_64\bin\management.dll
Event: 15.752 Loaded shared library C:\Users\lenovo\.vscode\extensions\redhat.java-1.33.0-win32-x64\jre\17.0.11-win32-x86_64\bin\management_ext.dll

Deoptimization events (4 events):
Event: 16.756 Thread 0x0000018db4d01350 DEOPT PACKING pc=0x0000018da7c64d81 sp=0x0000004a675fdc60
Event: 16.756 Thread 0x0000018db4d01350 DEOPT UNPACKING pc=0x0000018da7777143 sp=0x0000004a675fd0f0 mode 3
Event: 17.097 Thread 0x0000018db4901f20 DEOPT PACKING pc=0x0000018da7c49597 sp=0x0000004a676ff2d0
Event: 17.097 Thread 0x0000018db4901f20 DEOPT UNPACKING pc=0x0000018da7777143 sp=0x0000004a676fe728 mode 3

Classes unloaded (20 events):
Event: 76.493 Thread 0x0000018daefe2480 Unloading class 0x0000000100262c00 'java/lang/invoke/LambdaForm$MH+0x0000000100262c00'
Event: 76.493 Thread 0x0000018daefe2480 Unloading class 0x0000000100262000 'java/lang/invoke/LambdaForm$MH+0x0000000100262000'
Event: 76.493 Thread 0x0000018daefe2480 Unloading class 0x0000000100096000 'java/lang/invoke/LambdaForm$MH+0x0000000100096000'
Event: 76.493 Thread 0x0000018daefe2480 Unloading class 0x0000000100095c00 'java/lang/invoke/LambdaForm$MH+0x0000000100095c00'
Event: 76.493 Thread 0x0000018daefe2480 Unloading class 0x0000000100095800 'java/lang/invoke/LambdaForm$MH+0x0000000100095800'
Event: 76.493 Thread 0x0000018daefe2480 Unloading class 0x0000000100095400 'java/lang/invoke/LambdaForm$MH+0x0000000100095400'
Event: 76.493 Thread 0x0000018daefe2480 Unloading class 0x0000000100095000 'java/lang/invoke/LambdaForm$MH+0x0000000100095000'
Event: 76.493 Thread 0x0000018daefe2480 Unloading class 0x0000000100094c00 'java/lang/invoke/LambdaForm$MH+0x0000000100094c00'
Event: 76.493 Thread 0x0000018daefe2480 Unloading class 0x0000000100094800 'java/lang/invoke/LambdaForm$MH+0x0000000100094800'
Event: 76.493 Thread 0x0000018daefe2480 Unloading class 0x0000000100094400 'java/lang/invoke/LambdaForm$MH+0x0000000100094400'
Event: 76.493 Thread 0x0000018daefe2480 Unloading class 0x000000010008e800 'java/lang/invoke/LambdaForm$MH+0x000000010008e800'
Event: 76.493 Thread 0x0000018daefe2480 Unloading class 0x000000010008e400 'java/lang/invoke/LambdaForm$MH+0x000000010008e400'
Event: 76.493 Thread 0x0000018daefe2480 Unloading class 0x000000010008e000 'java/lang/invoke/LambdaForm$MH+0x000000010008e000'
Event: 76.493 Thread 0x0000018daefe2480 Unloading class 0x000000010008dc00 'java/lang/invoke/LambdaForm$MH+0x000000010008dc00'
Event: 76.493 Thread 0x0000018daefe2480 Unloading class 0x000000010008d800 'java/lang/invoke/LambdaForm$MH+0x000000010008d800'
Event: 76.493 Thread 0x0000018daefe2480 Unloading class 0x000000010008d400 'java/lang/invoke/LambdaForm$MH+0x000000010008d400'
Event: 76.493 Thread 0x0000018daefe2480 Unloading class 0x000000010008cc00 'java/lang/invoke/LambdaForm$MH+0x000000010008cc00'
Event: 76.493 Thread 0x0000018daefe2480 Unloading class 0x000000010008c800 'java/lang/invoke/LambdaForm$MH+0x000000010008c800'
Event: 76.493 Thread 0x0000018daefe2480 Unloading class 0x000000010008c000 'java/lang/invoke/LambdaForm$MH+0x000000010008c000'
Event: 76.493 Thread 0x0000018daefe2480 Unloading class 0x000000010008bc00 'java/lang/invoke/LambdaForm$MH+0x000000010008bc00'

Classes redefined (0 events):
No events

Internal exceptions (20 events):
Event: 12.469 Thread 0x0000018da4a8cb60 Exception <a 'java/lang/NoSuchMethodError'{0x00000000c43ac398}: 'java.lang.Object java.lang.invoke.DirectMethodHandle$Holder.invokeSpecial(java.lang.Object, java.lang.Object, int, java.lang.Object, java.lang.Object)'> (0x00000000c43ac398) 
thrown [s\src\hotspot\share\interpreter\linkResolver.cpp, line 759]
Event: 12.470 Thread 0x0000018da4a8cb60 Exception <a 'java/lang/NoSuchMethodError'{0x00000000c43b0040}: 'java.lang.Object java.lang.invoke.DelegatingMethodHandle$Holder.delegate(java.lang.Object, int, java.lang.Object, java.lang.Object)'> (0x00000000c43b0040) 
thrown [s\src\hotspot\share\interpreter\linkResolver.cpp, line 759]
Event: 12.478 Thread 0x0000018da4a8cb60 Exception <a 'java/lang/NoSuchMethodError'{0x00000000c43c0ec8}: 'int java.lang.invoke.Invokers$Holder.linkToTargetMethod(java.lang.Object, java.lang.Object, java.lang.Object)'> (0x00000000c43c0ec8) 
thrown [s\src\hotspot\share\interpreter\linkResolver.cpp, line 759]
Event: 12.776 Thread 0x0000018da4a8cb60 Exception <a 'java/lang/NoSuchMethodError'{0x00000000c3e84298}: 'java.lang.Object java.lang.invoke.DirectMethodHandle$Holder.invokeStaticInit(java.lang.Object, int, int, int, int)'> (0x00000000c3e84298) 
thrown [s\src\hotspot\share\interpreter\linkResolver.cpp, line 759]
Event: 13.270 Thread 0x0000018da4a8cb60 Exception <a 'java/lang/NoSuchMethodError'{0x00000000c3d630d0}: 'java.lang.Object java.lang.invoke.DirectMethodHandle$Holder.invokeStaticInit(java.lang.Object, java.lang.Object, int, int, int, int)'> (0x00000000c3d630d0) 
thrown [s\src\hotspot\share\interpreter\linkResolver.cpp, line 759]
Event: 13.684 Thread 0x0000018da4a8cb60 Exception <a 'java/lang/NoSuchMethodError'{0x00000000c35f6e38}: 'void java.lang.invoke.DirectMethodHandle$Holder.invokeSpecialIFC(java.lang.Object, java.lang.Object, java.lang.Object)'> (0x00000000c35f6e38) 
thrown [s\src\hotspot\share\interpreter\linkResolver.cpp, line 759]
Event: 14.680 Thread 0x0000018da4a8cb60 Exception <a 'java/lang/NoSuchMethodError'{0x00000000c3826e20}: 'int java.lang.invoke.DirectMethodHandle$Holder.invokeStaticInit(java.lang.Object, java.lang.Object, int, java.lang.Object)'> (0x00000000c3826e20) 
thrown [s\src\hotspot\share\interpreter\linkResolver.cpp, line 759]
Event: 14.892 Thread 0x0000018da4a8cb60 Exception <a 'java/lang/NoSuchMethodError'{0x00000000c7d97bb8}: 'void java.lang.invoke.DirectMethodHandle$Holder.invokeSpecial(java.lang.Object, java.lang.Object, java.lang.Object, java.lang.Object, java.lang.Object, java.lang.Object, java.lang.Object)'> (0x00000000c7d97bb8) 
thrown [s\src\hotspot\share\interpreter\linkResolver.cpp, line 759]
Event: 15.359 Thread 0x0000018da4a8cb60 Exception <a 'java/lang/NoSuchMethodError'{0x00000000c4fea6d8}: 'java.lang.Object java.lang.invoke.DirectMethodHandle$Holder.invokeInterface(java.lang.Object, java.lang.Object, int)'> (0x00000000c4fea6d8) 
thrown [s\src\hotspot\share\interpreter\linkResolver.cpp, line 759]
Event: 15.364 Thread 0x0000018da4a8cb60 Exception <a 'java/lang/IncompatibleClassChangeError'{0x00000000c4e01570}: Found class java.lang.Object, but interface was expected> (0x00000000c4e01570) 
thrown [s\src\hotspot\share\interpreter\linkResolver.cpp, line 826]
Event: 15.717 Thread 0x0000018da4a8cb60 Exception <a 'java/lang/NoSuchMethodError'{0x00000000c41f16e0}: 'java.lang.Object java.lang.invoke.DirectMethodHandle$Holder.newInvokeSpecial(java.lang.Object, java.lang.Object, int, java.lang.Object, java.lang.Object)'> (0x00000000c41f16e0) 
thrown [s\src\hotspot\share\interpreter\linkResolver.cpp, line 759]
Event: 15.719 Thread 0x0000018da4a8cb60 Exception <a 'java/lang/NoSuchMethodError'{0x00000000c4008cd8}: 'java.lang.Object java.lang.invoke.DirectMethodHandle$Holder.newInvokeSpecial(java.lang.Object, java.lang.Object, java.lang.Object, int)'> (0x00000000c4008cd8) 
thrown [s\src\hotspot\share\interpreter\linkResolver.cpp, line 759]
Event: 15.720 Thread 0x0000018da4a8cb60 Exception <a 'java/lang/NoSuchMethodError'{0x00000000c400cfc0}: 'java.lang.Object java.lang.invoke.DirectMethodHandle$Holder.invokeSpecial(java.lang.Object, java.lang.Object, java.lang.Object, java.lang.Object, int)'> (0x00000000c400cfc0) 
thrown [s\src\hotspot\share\interpreter\linkResolver.cpp, line 759]
Event: 15.720 Thread 0x0000018da4a8cb60 Exception <a 'java/lang/NoSuchMethodError'{0x00000000c4010b88}: 'java.lang.Object java.lang.invoke.Invokers$Holder.linkToTargetMethod(java.lang.Object, java.lang.Object, int, java.lang.Object)'> (0x00000000c4010b88) 
thrown [s\src\hotspot\share\interpreter\linkResolver.cpp, line 759]
Event: 16.518 Thread 0x0000018db4901f20 Exception <a 'java/lang/NoSuchMethodError'{0x00000000c33c7890}: 'java.lang.Object java.lang.invoke.DirectMethodHandle$Holder.invokeStatic(java.lang.Object, int, java.lang.Object)'> (0x00000000c33c7890) 
thrown [s\src\hotspot\share\interpreter\linkResolver.cpp, line 759]
Event: 16.653 Thread 0x0000018db4d01350 Exception <a 'java/lang/NoSuchMethodError'{0x00000000c338eda0}: 'java.lang.Object java.lang.invoke.DirectMethodHandle$Holder.invokeStatic(java.lang.Object, java.lang.Object, java.lang.Object, int, java.lang.Object, java.lang.Object)'> (0x00000000c338eda0) 
thrown [s\src\hotspot\share\interpreter\linkResolver.cpp, line 759]
Event: 17.685 Thread 0x0000018db4d3f9b0 Exception <a 'java/lang/NoSuchMethodError'{0x00000000c4fd2f18}: 'int java.lang.invoke.DirectMethodHandle$Holder.invokeStatic(java.lang.Object)'> (0x00000000c4fd2f18) 
thrown [s\src\hotspot\share\interpreter\linkResolver.cpp, line 759]
Event: 17.686 Thread 0x0000018db4d3f9b0 Exception <a 'java/lang/NoSuchMethodError'{0x00000000c4fd6318}: 'int java.lang.invoke.DirectMethodHandle$Holder.invokeStaticInit(java.lang.Object)'> (0x00000000c4fd6318) 
thrown [s\src\hotspot\share\interpreter\linkResolver.cpp, line 759]
Event: 55.733 Thread 0x0000018db483a030 Exception <a 'java/lang/NoSuchMethodError'{0x00000000c4e2cf60}: 'void java.lang.invoke.DirectMethodHandle$Holder.invokeStatic(java.lang.Object, long)'> (0x00000000c4e2cf60) 
thrown [s\src\hotspot\share\interpreter\linkResolver.cpp, line 759]
Event: 55.734 Thread 0x0000018db483a030 Exception <a 'java/lang/NoSuchMethodError'{0x00000000c4e32308}: 'java.lang.Object java.lang.invoke.DirectMethodHandle$Holder.newInvokeSpecial(java.lang.Object, long)'> (0x00000000c4e32308) 
thrown [s\src\hotspot\share\interpreter\linkResolver.cpp, line 759]

VM Operations (20 events):
Event: 1031.820 Executing VM operation: G1CollectFull done
Event: 1042.301 Executing VM operation: G1CollectFull
Event: 1042.327 Executing VM operation: G1CollectFull done
Event: 1052.612 Executing VM operation: G1CollectFull
Event: 1052.641 Executing VM operation: G1CollectFull done
Event: 1063.180 Executing VM operation: G1CollectFull
Event: 1063.205 Executing VM operation: G1CollectFull done
Event: 1073.396 Executing VM operation: G1CollectFull
Event: 1073.417 Executing VM operation: G1CollectFull done
Event: 1083.573 Executing VM operation: G1CollectFull
Event: 1083.597 Executing VM operation: G1CollectFull done
Event: 1093.835 Executing VM operation: G1CollectFull
Event: 1093.863 Executing VM operation: G1CollectFull done
Event: 1104.040 Executing VM operation: G1CollectFull
Event: 1104.064 Executing VM operation: G1CollectFull done
Event: 1114.305 Executing VM operation: G1CollectFull
Event: 1114.330 Executing VM operation: G1CollectFull done
Event: 1115.340 Executing VM operation: Cleanup
Event: 1115.340 Executing VM operation: Cleanup done
Event: 1124.438 Executing VM operation: G1CollectFull

Events (20 events):
Event: 17.690 loading class java/util/concurrent/atomic/AtomicLongFieldUpdater$CASUpdater$1
Event: 17.690 loading class java/util/concurrent/atomic/AtomicLongFieldUpdater$CASUpdater$1 done
Event: 22.708 Thread 0x0000018db44ac3e0 Thread exited: 0x0000018db44ac3e0
Event: 22.708 Thread 0x0000018dafb0c820 Thread exited: 0x0000018dafb0c820
Event: 55.716 loading class java/lang/ProcessBuilder
Event: 55.718 loading class java/lang/ProcessBuilder done
Event: 55.718 loading class java/lang/ProcessImpl
Event: 55.718 loading class java/lang/ProcessImpl done
Event: 55.734 loading class java/lang/ProcessImpl$2
Event: 55.734 loading class java/lang/ProcessImpl$2 done
Event: 55.734 loading class java/lang/Process$PipeInputStream
Event: 55.734 loading class java/lang/Process$PipeInputStream done
Event: 55.735 loading class jdk/internal/event/ProcessStartEvent
Event: 55.735 loading class jdk/internal/event/ProcessStartEvent done
Event: 56.020 loading class java/io/FileOutputStream$1
Event: 56.020 loading class java/io/FileOutputStream$1 done
Event: 77.111 Thread 0x0000018db4d42230 Thread exited: 0x0000018db4d42230
Event: 77.111 Thread 0x0000018db4d41810 Thread exited: 0x0000018db4d41810
Event: 77.112 Thread 0x0000018db4d408e0 Thread exited: 0x0000018db4d408e0
Event: 77.395 Thread 0x0000018db4d41300 Thread exited: 0x0000018db4d41300


Dynamic libraries:
0x00007ff70a170000 - 0x00007ff70a17e000 	c:\Users\lenovo\.vscode\extensions\redhat.java-1.33.0-win32-x64\jre\17.0.11-win32-x86_64\bin\java.exe
0x00007ff9a42f0000 - 0x00007ff9a44e8000 	C:\WINDOWS\SYSTEM32\ntdll.dll
0x00007ff9a41e0000 - 0x00007ff9a42a1000 	C:\WINDOWS\System32\KERNEL32.DLL
0x00007ff9a1a20000 - 0x00007ff9a1d1d000 	C:\WINDOWS\System32\KERNELBASE.dll
0x00007ff9a20c0000 - 0x00007ff9a21c0000 	C:\WINDOWS\System32\ucrtbase.dll
0x00007ff98dac0000 - 0x00007ff98dad7000 	c:\Users\lenovo\.vscode\extensions\redhat.java-1.33.0-win32-x64\jre\17.0.11-win32-x86_64\bin\jli.dll
0x00007ff9a36b0000 - 0x00007ff9a384d000 	C:\WINDOWS\System32\USER32.dll
0x00007ff9a19f0000 - 0x00007ff9a1a12000 	C:\WINDOWS\System32\win32u.dll
0x00007ff9a31f0000 - 0x00007ff9a321b000 	C:\WINDOWS\System32\GDI32.dll
0x00007ff9a1d90000 - 0x00007ff9a1ea7000 	C:\WINDOWS\System32\gdi32full.dll
0x00007ff9a1f70000 - 0x00007ff9a200d000 	C:\WINDOWS\System32\msvcp_win.dll
0x00007ff97cc00000 - 0x00007ff97cc1b000 	c:\Users\lenovo\.vscode\extensions\redhat.java-1.33.0-win32-x64\jre\17.0.11-win32-x86_64\bin\VCRUNTIME140.dll
0x00007ff98f5f0000 - 0x00007ff98f88a000 	C:\WINDOWS\WinSxS\amd64_microsoft.windows.common-controls_6595b64144ccf1df_6.0.19041.4355_none_60b8b9eb71f62e16\COMCTL32.dll
0x00007ff9a3400000 - 0x00007ff9a349e000 	C:\WINDOWS\System32\msvcrt.dll
0x00007ff9a23f0000 - 0x00007ff9a241f000 	C:\WINDOWS\System32\IMM32.DLL
0x00007ff9970d0000 - 0x00007ff9970dc000 	c:\Users\lenovo\.vscode\extensions\redhat.java-1.33.0-win32-x64\jre\17.0.11-win32-x86_64\bin\vcruntime140_1.dll
0x00007ff96bfe0000 - 0x00007ff96c06d000 	c:\Users\lenovo\.vscode\extensions\redhat.java-1.33.0-win32-x64\jre\17.0.11-win32-x86_64\bin\msvcp140.dll
0x00007ff9610d0000 - 0x00007ff961d32000 	c:\Users\lenovo\.vscode\extensions\redhat.java-1.33.0-win32-x64\jre\17.0.11-win32-x86_64\bin\server\jvm.dll
0x00007ff9a3600000 - 0x00007ff9a36b0000 	C:\WINDOWS\System32\ADVAPI32.dll
0x00007ff9a3230000 - 0x00007ff9a32d0000 	C:\WINDOWS\System32\sechost.dll
0x00007ff9a24d0000 - 0x00007ff9a25f3000 	C:\WINDOWS\System32\RPCRT4.dll
0x00007ff9a1eb0000 - 0x00007ff9a1ed7000 	C:\WINDOWS\System32\bcrypt.dll
0x00007ff9a1740000 - 0x00007ff9a178b000 	C:\WINDOWS\SYSTEM32\POWRPROF.dll
0x00007ff9844a0000 - 0x00007ff9844a9000 	C:\WINDOWS\SYSTEM32\WSOCK32.dll
0x00007ff9a27b0000 - 0x00007ff9a281b000 	C:\WINDOWS\System32\WS2_32.dll
0x00007ff98a900000 - 0x00007ff98a927000 	C:\WINDOWS\SYSTEM32\WINMM.dll
0x00007ff99ce40000 - 0x00007ff99ce4a000 	C:\WINDOWS\SYSTEM32\VERSION.dll
0x00007ff9a1720000 - 0x00007ff9a1732000 	C:\WINDOWS\SYSTEM32\UMPDC.dll
0x00007ff99f7e0000 - 0x00007ff99f7f2000 	C:\WINDOWS\SYSTEM32\kernel.appcore.dll
0x00007ff990b00000 - 0x00007ff990b0a000 	c:\Users\lenovo\.vscode\extensions\redhat.java-1.33.0-win32-x64\jre\17.0.11-win32-x86_64\bin\jimage.dll
0x00007ff999390000 - 0x00007ff999574000 	C:\WINDOWS\SYSTEM32\DBGHELP.DLL
0x00007ff989ab0000 - 0x00007ff989ae4000 	C:\WINDOWS\SYSTEM32\dbgcore.DLL
0x00007ff9a1ee0000 - 0x00007ff9a1f62000 	C:\WINDOWS\System32\bcryptPrimitives.dll
0x00007ff96e8e0000 - 0x00007ff96e905000 	c:\Users\lenovo\.vscode\extensions\redhat.java-1.33.0-win32-x64\jre\17.0.11-win32-x86_64\bin\java.dll
0x00007ff96f820000 - 0x00007ff96f838000 	c:\Users\lenovo\.vscode\extensions\redhat.java-1.33.0-win32-x64\jre\17.0.11-win32-x86_64\bin\zip.dll
0x00007ff9a2a80000 - 0x00007ff9a31ef000 	C:\WINDOWS\System32\SHELL32.dll
0x00007ff99f9e0000 - 0x00007ff9a017f000 	C:\WINDOWS\SYSTEM32\windows.storage.dll
0x00007ff9a3a10000 - 0x00007ff9a3d63000 	C:\WINDOWS\System32\combase.dll
0x00007ff9a12f0000 - 0x00007ff9a131e000 	C:\WINDOWS\SYSTEM32\Wldp.dll
0x00007ff9a2820000 - 0x00007ff9a28ed000 	C:\WINDOWS\System32\OLEAUT32.dll
0x00007ff9a2420000 - 0x00007ff9a24cd000 	C:\WINDOWS\System32\SHCORE.dll
0x00007ff9a2320000 - 0x00007ff9a2375000 	C:\WINDOWS\System32\shlwapi.dll
0x00007ff9a18d0000 - 0x00007ff9a18f4000 	C:\WINDOWS\SYSTEM32\profapi.dll
0x00007ff97a710000 - 0x00007ff97a729000 	C:\Users\lenovo\.vscode\extensions\redhat.java-1.33.0-win32-x64\jre\17.0.11-win32-x86_64\bin\net.dll
0x00007ff997dd0000 - 0x00007ff997edd000 	C:\WINDOWS\SYSTEM32\WINHTTP.dll
0x00007ff9a1050000 - 0x00007ff9a10ba000 	C:\WINDOWS\system32\mswsock.dll
0x00007ff96e8c0000 - 0x00007ff96e8d6000 	C:\Users\lenovo\.vscode\extensions\redhat.java-1.33.0-win32-x64\jre\17.0.11-win32-x86_64\bin\nio.dll
0x00007ff9907b0000 - 0x00007ff9907c0000 	c:\Users\lenovo\.vscode\extensions\redhat.java-1.33.0-win32-x64\jre\17.0.11-win32-x86_64\bin\verify.dll
0x00007ff9a1240000 - 0x00007ff9a1258000 	C:\WINDOWS\SYSTEM32\CRYPTSP.dll
0x00007ff9a0930000 - 0x00007ff9a0964000 	C:\WINDOWS\system32\rsaenh.dll
0x00007ff9a1880000 - 0x00007ff9a18ae000 	C:\WINDOWS\SYSTEM32\USERENV.dll
0x00007ff9a1260000 - 0x00007ff9a126c000 	C:\WINDOWS\SYSTEM32\CRYPTBASE.dll
0x00007ff9a0d10000 - 0x00007ff9a0d4b000 	C:\WINDOWS\SYSTEM32\IPHLPAPI.DLL
0x00007ff9a3850000 - 0x00007ff9a3858000 	C:\WINDOWS\System32\NSI.dll
0x00007ff99a250000 - 0x00007ff99a267000 	C:\WINDOWS\SYSTEM32\dhcpcsvc6.DLL
0x00007ff99acf0000 - 0x00007ff99ad0d000 	C:\WINDOWS\SYSTEM32\dhcpcsvc.DLL
0x00007ff9a0d70000 - 0x00007ff9a0e3a000 	C:\WINDOWS\SYSTEM32\DNSAPI.dll
0x00007ff990b40000 - 0x00007ff990b49000 	C:\Users\lenovo\.vscode\extensions\redhat.java-1.33.0-win32-x64\jre\17.0.11-win32-x86_64\bin\management.dll
0x00007ff990b30000 - 0x00007ff990b3b000 	C:\Users\lenovo\.vscode\extensions\redhat.java-1.33.0-win32-x64\jre\17.0.11-win32-x86_64\bin\management_ext.dll
0x00007ff9a2380000 - 0x00007ff9a2388000 	C:\WINDOWS\System32\PSAPI.DLL

dbghelp: loaded successfully - version: 4.0.5 - missing functions: none
symbol engine: initialized successfully - sym options: 0x614 - pdb path: .;c:\Users\lenovo\.vscode\extensions\redhat.java-1.33.0-win32-x64\jre\17.0.11-win32-x86_64\bin;C:\WINDOWS\SYSTEM32;C:\WINDOWS\WinSxS\amd64_microsoft.windows.common-controls_6595b64144ccf1df_6.0.19041.4355_none_60b8b9eb71f62e16;c:\Users\lenovo\.vscode\extensions\redhat.java-1.33.0-win32-x64\jre\17.0.11-win32-x86_64\bin\server

VM Arguments:
jvm_args: -Xmx1024m -Dsts.lsp.client=vscode -Dsts.log.file=/dev/null -XX:TieredStopAtLevel=1 -Xlog:jni+resolve=off -Dspring.config.location=file:c:\Users\lenovo\.vscode\extensions\vmware.vscode-spring-boot-1.56.0\language-server\BOOT-INF\classes\application.properties 
java_command: org.springframework.ide.vscode.boot.app.BootLanguageServerBootApp
java_class_path (initial): c:\Users\lenovo\.vscode\extensions\vmware.vscode-spring-boot-1.56.0\language-server\BOOT-INF\classes;c:\Users\lenovo\.vscode\extensions\vmware.vscode-spring-boot-1.56.0\language-server\BOOT-INF\lib\annotations-24.1.0.jar;c:\Users\lenovo\.vscode\extensions\vmware.vscode-spring-boot-1.56.0\language-server\BOOT-INF\lib\antlr4-runtime-4.13.1.jar;c:\Users\lenovo\.vscode\extensions\vmware.vscode-spring-boot-1.56.0\language-server\BOOT-INF\lib\asm-9.7.jar;c:\Users\lenovo\.vscode\extensions\vmware.vscode-spring-boot-1.56.0\language-server\BOOT-INF\lib\asm-analysis-9.7.jar;c:\Users\lenovo\.vscode\extensions\vmware.vscode-spring-boot-1.56.0\language-server\BOOT-INF\lib\asm-tree-9.7.jar;c:\Users\lenovo\.vscode\extensions\vmware.vscode-spring-boot-1.56.0\language-server\BOOT-INF\lib\asm-util-9.7.jar;c:\Users\lenovo\.vscode\extensions\vmware.vscode-spring-boot-1.56.0\language-server\BOOT-INF\lib\caffeine-3.1.8.jar;c:\Users\lenovo\.vscode\extensions\vmware.vscode-spring-boot-1.56.0\language-server\BOOT-INF\lib\checker-qual-3.12.0.jar;c:\Users\lenovo\.vscode\extensions\vmware.vscode-spring-boot-1.56.0\language-server\BOOT-INF\lib\classgraph-4.8.149.jar;c:\Users\lenovo\.vscode\extensions\vmware.vscode-spring-boot-1.56.0\language-server\BOOT-INF\lib\commons-codec-1.16.1.jar;c:\Users\lenovo\.vscode\extensions\vmware.vscode-spring-boot-1.56.0\language-server\BOOT-INF\lib\commons-compress-1.26.2.jar;c:\Users\lenovo\.vscode\extensions\vmware.vscode-spring-boot-1.56.0\language-server\BOOT-INF\lib\commons-io-2.16.1.jar;c:\Users\lenovo\.vscode\extensions\vmware.vscode-spring-boot-1.56.0\language-server\BOOT-INF\lib\commons-java-1.56.0-SNAPSHOT.jar;c:\Users\lenovo\.vscode\extensions\vmware.vscode-spring-boot-1.56.0\language-server\BOOT-INF\lib\commons-lang3-3.14.0.jar;c:\Users\lenovo\.vscode\extensions\vmware.vscode-spring-boot-1.56.0\language-server\BOOT-INF\lib\commons-language-server-1.56.0-SNAPSHOT.jar;c:\Users\lenovo\.vscode\extensions\vmware.vscode-spring-
Launcher Type: SUN_STANDARD

[Global flags]
     intx CICompilerCount                          = 3                                         {product} {ergonomic}
     uint ConcGCThreads                            = 1                                         {product} {ergonomic}
     uint G1ConcRefinementThreads                  = 4                                         {product} {ergonomic}
   size_t G1HeapRegionSize                         = 1048576                                   {product} {ergonomic}
    uintx GCDrainStackTargetSize                   = 64                                        {product} {ergonomic}
   size_t InitialHeapSize                          = 132120576                                 {product} {ergonomic}
   size_t MarkStackSize                            = 4194304                                   {product} {ergonomic}
   size_t MaxHeapSize                              = 1073741824                                {product} {command line}
   size_t MaxNewSize                               = 643825664                                 {product} {ergonomic}
   size_t MinHeapDeltaBytes                        = 1048576                                   {product} {ergonomic}
   size_t MinHeapSize                              = 8388608                                   {product} {ergonomic}
    uintx NonProfiledCodeHeapSize                  = 0                                      {pd product} {ergonomic}
     bool ProfileInterpreter                       = false                                  {pd product} {command line}
    uintx ProfiledCodeHeapSize                     = 0                                      {pd product} {ergonomic}
   size_t SoftMaxHeapSize                          = 1073741824                             {manageable} {ergonomic}
     intx TieredStopAtLevel                        = 1                                         {product} {command line}
     bool UseCompressedClassPointers               = true                           {product lp64_product} {ergonomic}
     bool UseCompressedOops                        = true                           {product lp64_product} {ergonomic}
     bool UseG1GC                                  = true                                      {product} {ergonomic}
     bool UseLargePagesIndividualAllocation        = false                                  {pd product} {ergonomic}

Logging:
Log output configuration:
 #0: stdout all=warning,jni+resolve=off uptime,level,tags
 #1: stderr all=off uptime,level,tags

Environment Variables:
JAVA_HOME=D:\Java\jdk-17
PATH=C:\Program Files\Common Files\Oracle\Java\javapath;C:\WINDOWS\system32;C:\WINDOWS;C:\WINDOWS\System32\Wbem;C:\WINDOWS\System32\WindowsPowerShell\v1.0\;C:\WINDOWS\System32\OpenSSH\;D:\Git\cmd;C:\Program Files\Redis\;C:\Program Files\dotnet\;D:\Java\jdk-17\bin;D:\PHP\php-8.3.3;D:\PHP\php-8.0.30;D:\PHP\php-7.4.30;C:\Program Files\Microsoft SQL Server\150\Tools\Binn\;C:\Program Files\Microsoft SQL Server\Client SDK\ODBC\170\Tools\Binn\;D:\apache-maven-3.9.6\bin;C:\ProgramData\ComposerSetup\bin;C:\Program Files\nodejs\;C:\Program Files\Cloudflare\Cloudflare WARP\;C:\Program Files\Docker\Docker\resources\bin;C:\Program Files\MongoDB\mongosh-2.1.5-win32-x64\bin;C:\Program Files\Azure Data Studio\bin;C:\Program Files (x86)\Microsoft SQL Server\150\Tools\Binn\;C:\Program Files (x86)\Microsoft SQL Server\150\DTS\Binn\;C:\Program Files\Microsoft SQL Server\150\DTS\Binn\;C:\Program Files (x86)\Microsoft SQL Server\160\DTS\Binn\;C:\Program Files\Go\bin;D:\Programs\protoc-27.2-win64\bin;%GOPATH%\bin;C:\Users\lenovo\AppData\Local\Programs\Python\Python312;C:\Users\lenovo\AppData\Local\Programs\Python\Python312\Scripts;C:\Users\lenovo\AppData\Local\Programs\Python\Launcher\;C:\Program Files\MySQL\MySQL Shell 8.0\bin\;C:\Users\lenovo\AppData\Local\Microsoft\WindowsApps;D:\Microsoft VS Code\bin;C:\Users\lenovo\.dotnet\tools;C:\Users\lenovo\AppData\Roaming\Composer\vendor\bin;C:\Users\lenovo\AppData\Roaming\npm;;C:\Program Files\Azure Data Studio\bin;C:\Users\lenovo\.bun\bin;C:\Users\lenovo\go\bin
USERNAME=lenovo
OS=Windows_NT
PROCESSOR_IDENTIFIER=Intel64 Family 6 Model 142 Stepping 12, GenuineIntel
TMP=C:\Users\lenovo\AppData\Local\Temp
TEMP=C:\Users\lenovo\AppData\Local\Temp



Periodic native trim disabled


---------------  S Y S T E M  ---------------

OS:
 Windows 10 , 64 bit Build 19041 (10.0.19041.4717)
OS uptime: 12 days 2:22 hours
Hyper-V role detected

CPU: total 4 (initial active 4) (2 cores per cpu, 2 threads per core) family 6 model 142 stepping 12 microcode 0xec, cx8, cmov, fxsr, ht, mmx, 3dnowpref, sse, sse2, sse3, ssse3, sse4.1, sse4.2, popcnt, lzcnt, tsc, tscinvbit, avx, avx2, aes, erms, clmul, bmi1, bmi2, adx, fma, vzeroupper, clflush, clflushopt, hv
Processor Information for all 4 processors :
  Max Mhz: 2592, Current Mhz: 2093, Mhz Limit: 2073

Memory: 4k page, system-wide physical 8060M (248M free)
TotalPageFile size 32636M (AvailPageFile size 5M)
current process WorkingSet (physical memory assigned to process): 43M, peak: 171M
current process commit charge ("private bytes"): 207M, peak: 222M

vm_info: OpenJDK 64-Bit Server VM (17.0.11+9) for windows-amd64 JRE (17.0.11+9), built on Apr 17 2024 06:07:48 by "admin" with MS VC++ 16.10 / 16.11 (VS2019)

END.
